<?xml version="1.0" encoding="UTF-8"?>
<!-- Generated by org.testng.reporters.JUnitReportReporter -->
<testsuite hostname="DESKTOP-P9ICOFD" name="com.google.tests.YahooHomePageTest" tests="1" failures="0" timestamp="12 May 2018 15:37:19 GMT" time="30.528" errors="0">
  <testcase name="verifyYahooPageTittle" time="30.528" classname="com.google.tests.YahooHomePageTest"/>
</testsuite> <!-- com.google.tests.YahooHomePageTest -->
