<?xml version="1.0" encoding="UTF-8"?>
<!-- Generated by org.testng.reporters.JUnitReportReporter -->
<testsuite hostname="DESKTOP-P9ICOFD" name="com.google.tests.GoogleHomePageTest" tests="1" failures="0" timestamp="12 May 2018 15:37:19 GMT" time="6.977" errors="0">
  <testcase name="verifyGooglePageTittle" time="6.977" classname="com.google.tests.GoogleHomePageTest"/>
</testsuite> <!-- com.google.tests.GoogleHomePageTest -->
