<?xml version="1.0" encoding="UTF-8"?>
<!-- Generated by org.testng.reporters.JUnitReportReporter -->
<testsuite hostname="DESKTOP-P9ICOFD" name="com.google.gmodule.googlesearch.gsr.SampleSeleniumGridTest" tests="1" failures="0" timestamp="30 Sep 2018 17:00:34 GMT" time="17.523" errors="0">
  <testcase name="verifySeleniumGridChome" time="17.523" classname="com.google.gmodule.googlesearch.gsr.SampleSeleniumGridTest"/>
</testsuite> <!-- com.google.gmodule.googlesearch.gsr.SampleSeleniumGridTest -->
